CSMDATA is /cluster/projects/nn9188k/cesm2.0/inputdata 
resolution: Fennoscandia0.05x0.1 ssp_rcp=hist sim_year = 2005
namelist: surfdata_Fennoscandia0.05x0.1_hist_78pfts_CMIP6_simyr2005_c210221.namelist
&clmexp
 nglcec           = 10
 mksrf_fgrid      = '/cluster/projects/nn9188k/cesm2.0/inputdata/cicero_mods/lnd/clm2/mappingdata/maps/Fennoscandia0.05x0.1/map_3x3min_MODISv2_to_Fennoscandia0.05x0.1_nomask_aave_da_c201123.nc'
 map_fpft         = '/cluster/projects/nn9188k/cesm2.0/inputdata/cicero_mods/lnd/clm2/mappingdata/maps/Fennoscandia0.05x0.1/map_3x3min_MODISv2_to_Fennoscandia0.05x0.1_nomask_aave_da_c201123.nc'
 map_fglacier     = '/cluster/projects/nn9188k/cesm2.0/inputdata/cicero_mods/lnd/clm2/mappingdata/maps/Fennoscandia0.05x0.1/map_3x3min_GLOBE-Gardner_to_Fennoscandia0.05x0.1_nomask_aave_da_c201123.nc'
 map_fglacierregion = '/cluster/projects/nn9188k/cesm2.0/inputdata/cicero_mods/lnd/clm2/mappingdata/maps/Fennoscandia0.05x0.1/map_10x10min_nomask_to_Fennoscandia0.05x0.1_nomask_aave_da_c201123.nc'
 map_fsoicol      = '/cluster/projects/nn9188k/cesm2.0/inputdata/cicero_mods/lnd/clm2/mappingdata/maps/Fennoscandia0.05x0.1/map_3x3min_MODISv2_to_Fennoscandia0.05x0.1_nomask_aave_da_c201123.nc'
 map_furban       = '/cluster/projects/nn9188k/cesm2.0/inputdata/cicero_mods/lnd/clm2/mappingdata/maps/Fennoscandia0.05x0.1/map_3x3min_LandScan2004_to_Fennoscandia0.05x0.1_nomask_aave_da_c201123.nc'
 map_fmax         = '/cluster/projects/nn9188k/cesm2.0/inputdata/cicero_mods/lnd/clm2/mappingdata/maps/Fennoscandia0.05x0.1/map_3x3min_USGS_to_Fennoscandia0.05x0.1_nomask_aave_da_c201123.nc'
 map_forganic     = '/cluster/projects/nn9188k/cesm2.0/inputdata/cicero_mods/lnd/clm2/mappingdata/maps/Fennoscandia0.05x0.1/map_5x5min_ISRIC-WISE_to_Fennoscandia0.05x0.1_nomask_aave_da_c201123.nc'
 map_flai         = '/cluster/projects/nn9188k/cesm2.0/inputdata/cicero_mods/lnd/clm2/mappingdata/maps/Fennoscandia0.05x0.1/map_3x3min_MODISv2_to_Fennoscandia0.05x0.1_nomask_aave_da_c201123.nc'
 map_fharvest     = '/cluster/projects/nn9188k/cesm2.0/inputdata/cicero_mods/lnd/clm2/mappingdata/maps/Fennoscandia0.05x0.1/map_0.25x0.25_MODIS_to_Fennoscandia0.05x0.1_nomask_aave_da_c201123.nc'
 map_flakwat      = '/cluster/projects/nn9188k/cesm2.0/inputdata/cicero_mods/lnd/clm2/mappingdata/maps/Fennoscandia0.05x0.1/map_3x3min_MODIS-wCsp_to_Fennoscandia0.05x0.1_nomask_aave_da_c201123.nc'
 map_fwetlnd      = '/cluster/projects/nn9188k/cesm2.0/inputdata/cicero_mods/lnd/clm2/mappingdata/maps/Fennoscandia0.05x0.1/map_0.5x0.5_AVHRR_to_Fennoscandia0.05x0.1_nomask_aave_da_c201123.nc'
 map_fvocef       = '/cluster/projects/nn9188k/cesm2.0/inputdata/cicero_mods/lnd/clm2/mappingdata/maps/Fennoscandia0.05x0.1/map_0.5x0.5_AVHRR_to_Fennoscandia0.05x0.1_nomask_aave_da_c201123.nc'
 map_fsoitex      = '/cluster/projects/nn9188k/cesm2.0/inputdata/cicero_mods/lnd/clm2/mappingdata/maps/Fennoscandia0.05x0.1/map_5x5min_IGBP-GSDP_to_Fennoscandia0.05x0.1_nomask_aave_da_c201123.nc'
 map_furbtopo     = '/cluster/projects/nn9188k/cesm2.0/inputdata/cicero_mods/lnd/clm2/mappingdata/maps/Fennoscandia0.05x0.1/map_10x10min_nomask_to_Fennoscandia0.05x0.1_nomask_aave_da_c201123.nc'
 map_fgdp         = '/cluster/projects/nn9188k/cesm2.0/inputdata/cicero_mods/lnd/clm2/mappingdata/maps/Fennoscandia0.05x0.1/map_0.5x0.5_AVHRR_to_Fennoscandia0.05x0.1_nomask_aave_da_c201123.nc'
 map_fpeat        = '/cluster/projects/nn9188k/cesm2.0/inputdata/cicero_mods/lnd/clm2/mappingdata/maps/Fennoscandia0.05x0.1/map_0.5x0.5_AVHRR_to_Fennoscandia0.05x0.1_nomask_aave_da_c201123.nc'
 map_fsoildepth   = '/cluster/projects/nn9188k/cesm2.0/inputdata/cicero_mods/lnd/clm2/mappingdata/maps/Fennoscandia0.05x0.1/map_5x5min_ORNL-Soil_to_Fennoscandia0.05x0.1_nomask_aave_da_c201123.nc'
 map_fabm         = '/cluster/projects/nn9188k/cesm2.0/inputdata/cicero_mods/lnd/clm2/mappingdata/maps/Fennoscandia0.05x0.1/map_0.5x0.5_AVHRR_to_Fennoscandia0.05x0.1_nomask_aave_da_c201123.nc'
 mksrf_fsoitex    = '/cluster/projects/nn9188k/cesm2.0/inputdata/lnd/clm2/rawdata/mksrf_soitex.10level.c010119.nc'
 mksrf_forganic   = '/cluster/projects/nn9188k/cesm2.0/inputdata/lnd/clm2/rawdata/mksrf_organic_10level_5x5min_ISRIC-WISE-NCSCD_nlev7_c120830.nc'
 mksrf_flakwat    = '/cluster/projects/nn9188k/cesm2.0/inputdata/lnd/clm2/rawdata/mksrf_LakePnDepth_3x3min_simyr2004_csplk_c151015.nc'
 mksrf_fwetlnd    = '/cluster/projects/nn9188k/cesm2.0/inputdata/lnd/clm2/rawdata/mksrf_lanwat.050425.nc'
 mksrf_fmax       = '/cluster/projects/nn9188k/cesm2.0/inputdata/lnd/clm2/rawdata/mksrf_fmax_3x3min_USGS_c120911.nc'
 mksrf_fglacier   = '/cluster/projects/nn9188k/cesm2.0/inputdata/lnd/clm2/rawdata/mksrf_glacier_3x3min_simyr2000.c120926.nc'
 mksrf_fglacierregion = '/cluster/projects/nn9188k/cesm2.0/inputdata/lnd/clm2/rawdata/mksrf_GlacierRegion_10x10min_nomask_c170616.nc'
 mksrf_fvocef     = '/cluster/projects/nn9188k/cesm2.0/inputdata/lnd/clm2/rawdata/mksrf_vocef_0.5x0.5_simyr2000.c110531.nc'
 mksrf_furbtopo   = '/cluster/projects/nn9188k/cesm2.0/inputdata/lnd/clm2/rawdata/mksrf_topo.10min.c080912.nc'
 mksrf_fgdp       = '/cluster/projects/nn9188k/cesm2.0/inputdata/lnd/clm2/rawdata/mksrf_gdp_0.5x0.5_AVHRR_simyr2000.c130228.nc'
 mksrf_fpeat      = '/cluster/projects/nn9188k/cesm2.0/inputdata/lnd/clm2/rawdata/mksrf_peatf_0.5x0.5_AVHRR_simyr2000.c130228.nc'
 mksrf_fsoildepth = '/cluster/projects/nn9188k/cesm2.0/inputdata/lnd/clm2/rawdata/mksf_soilthk_5x5min_ORNL-Soil_simyr1900-2015_c170630.nc'
 mksrf_fabm       = '/cluster/projects/nn9188k/cesm2.0/inputdata/lnd/clm2/rawdata/mksrf_abm_0.5x0.5_AVHRR_simyr2000.c130201.nc'
 outnc_double   = .true.
 all_urban      = .false.
 no_inlandwet   = .true.
 mksrf_furban   = '/cluster/projects/nn9188k/cesm2.0/inputdata/lnd/clm2/rawdata/mksrf_urban_0.05x0.05_simyr2000.c120621.nc'
 gitdescribe    = 'release-clm5.0.30-8-g167d9047
/cluster/home/janko/cesm/cesm2.1.2-git/components/clm/tools/mksurfdata_map'
 map_ftopostats   = '/cluster/projects/nn9188k/cesm2.0/inputdata/cicero_mods/lnd/clm2/mappingdata/maps/Fennoscandia0.05x0.1/map_1km-merge-10min_HYDRO1K-merge-nomask_to_Fennoscandia0.05x0.1_nomask_aave_da_c201123.nc'
 mksrf_ftopostats = '/cluster/projects/nn9188k/cesm2.0/inputdata/lnd/clm2/rawdata/mksrf_topostats_1km-merge-10min_HYDRO1K-merge-nomask_simyr2000.c130402.nc'
 mksrf_fvegtyp  = '/cluster/projects/nn9188k/cesm2.0/inputdata/lnd/clm2/rawdata/pftcftdynharv.0.05x0.05.LUH2.histsimyr2005.c190116/mksrf_landuse_clm52deg005_histLUH2_2005.c190119.nc'
 mksrf_fhrvtyp  = '/cluster/projects/nn9188k/cesm2.0/inputdata/lnd/clm2/rawdata/pftcftdynharv.0.25x0.25.LUH2.histsimyr1850-2015.c170629/mksrf_landuse_histclm50_LUH2_2005.c170629.nc'
 mksrf_fsoicol  = '/cluster/projects/nn9188k/cesm2.0/inputdata/lnd/clm2/rawdata/pftcftdynharv.0.05x0.05.LUH2.histsimyr2005.c190116/mksrf_soilcolor_histclm52deg005_earthstatmirca_2005.c190116.nc'
 mksrf_flai     = '/cluster/projects/nn9188k/cesm2.0/inputdata/lnd/clm2/rawdata/pftcftdynharv.0.05x0.05.LUH2.histsimyr2005.c190116/mksrf_lai_histclm52deg005_earthstatmirca_2005.c190119.nc'
 fsurdat        = 'surfdata_Fennoscandia0.05x0.1_hist_78pfts_CMIP6_simyr2005_c210221.nc'
 fsurlog        = 'surfdata_Fennoscandia0.05x0.1_hist_78pfts_CMIP6_simyr2005_c210221.log'
 mksrf_fdynuse  = ''
 fdyndat        = ''
 numpft = 78
/
./mksurfdata_map < surfdata_Fennoscandia0.05x0.1_hist_78pfts_CMIP6_simyr2005_c210221.namelist
 Attempting to initialize control settings .....
 Attempting to create surface boundary data .....
------------------------------------------------------------
 mksrf_fgrid = 
 /cluster/projects/nn9188k/cesm2.0/inputdata/cicero_mods/lnd/clm2/mappingdata/ma
 ps/Fennoscandia0.05x0.1/map_3x3min_MODISv2_to_Fennoscandia0.05x0.1_nomask_aave_
 da_c201123.nc                                                                  
                    
 mksrf_gridtype = global
 Output ALL data in file as 64-bit
 Set wetland to 0% over land
In mkpftMod::mkpftInit()...
 calling domain_read
 finished domain_read
 fsurdat is 2d lat/lon grid
 nlon=          280  nlat=          340
 (OPNFIL): Successfully opened file 
 surfdata_Fennoscandia0.05x0.1_hist_78pfts_CMIP6_simyr2005_c210221.log on unit= 
          99
 mksrf_gridtype = global
 
In mkpftMod::mkpft()...
 Attempting to make PFTs .....
 Creating surface datasets with extra types for crops; total pfts =          78
 domain_read_dims_2d read lon and lat dims from lon/lat
 domain_read initialized domain
 domain_read read LANDFRAC
 domain_read read LANDMASK
 Open PFT file: 
 /cluster/projects/nn9188k/cesm2.0/inputdata/lnd/clm2/rawdata/pftcftdynharv.0.05
 x0.05.LUH2.histsimyr2005.c190116/mksrf_landuse_clm52deg005_histLUH2_2005.c19011
 9.nc
(gridmap_map_read) reading mapping matrix data...
(gridmap_map_read) * file name                  : /cluster/projects/nn9188k/cesm2.0/inputdata/cicero_mods/lnd/clm2/mappingdata/maps/Fennoscandia0.05x0.1/map_3x3min_MODISv2_to_Fennoscandia0.05x0.1_nomask_aave_da_c201123.nc
 * matrix dimensions rows x cols :    25920000  x       95200
 * number of non-zero elements:       366085
 domain_clean: cleaning     25920000
 Successfully made PFTs
 
 Attempting to make harvest fields .....
 domain_read_dims_2d read lon and lat dims from lon/lat
 domain_read initialized domain
 domain_read read LANDFRAC
 domain_read read LANDMASK
 Open harvest file: 
 /cluster/projects/nn9188k/cesm2.0/inputdata/lnd/clm2/rawdata/pftcftdynharv.0.25
 x0.25.LUH2.histsimyr1850-2015.c170629/mksrf_landuse_histclm50_LUH2_2005.c170629
 .nc
(gridmap_map_read) reading mapping matrix data...
(gridmap_map_read) * file name                  : /cluster/projects/nn9188k/cesm2.0/inputdata/cicero_mods/lnd/clm2/mappingdata/maps/Fennoscandia0.05x0.1/map_0.25x0.25_MODIS_to_Fennoscandia0.05x0.1_nomask_aave_da_c201123.nc
 * matrix dimensions rows x cols :     1036800  x       95200
 * number of non-zero elements:        95874
 domain_clean: cleaning      1036800
 Successfully made harvest and grazing
 
 Attempting to make %lake and %wetland .....
 domain_read_dims_2d read lon and lat dims from lon/lat
 domain_read initialized domain
 domain_read read LANDMASK
 Open lake file: 
 /cluster/projects/nn9188k/cesm2.0/inputdata/lnd/clm2/rawdata/mksrf_LakePnDepth_
 3x3min_simyr2004_csplk_c151015.nc
(gridmap_map_read) reading mapping matrix data...
(gridmap_map_read) * file name                  : /cluster/projects/nn9188k/cesm2.0/inputdata/cicero_mods/lnd/clm2/mappingdata/maps/Fennoscandia0.05x0.1/map_3x3min_MODIS-wCsp_to_Fennoscandia0.05x0.1_nomask_aave_da_c201123.nc
 * matrix dimensions rows x cols :    25920000  x       95200
 * number of non-zero elements:       431687
 domain_clean: cleaning     25920000
 Successfully made %lake
 
 Attempting to make %wetland .....
 domain_read_dims_2d read lon and lat dims from lon/lat
 domain_read initialized domain
 domain_read read LANDMASK
 domain_clean: cleaning       259200
 Successfully made %wetland
 
 Attempting to make %glacier .....
 domain_read_dims_2d read lon and lat dims from lon/lat
 domain_read initialized domain
 domain_read read LANDMASK
 Open glacier file: 
 /cluster/projects/nn9188k/cesm2.0/inputdata/lnd/clm2/rawdata/mksrf_glacier_3x3m
 in_simyr2000.c120926.nc
(gridmap_map_read) reading mapping matrix data...
(gridmap_map_read) * file name                  : /cluster/projects/nn9188k/cesm2.0/inputdata/cicero_mods/lnd/clm2/mappingdata/maps/Fennoscandia0.05x0.1/map_3x3min_GLOBE-Gardner_to_Fennoscandia0.05x0.1_nomask_aave_da_c201123.nc
 * matrix dimensions rows x cols :    25920000  x       95200
 * number of non-zero elements:       388323
 domain_clean: cleaning     25920000
 Successfully made %glacier
 
 Attempting to make glacier region .....
 domain_read_dims_2d read lon and lat dims from lsmlon/lsmlat
 domain_read initialized domain
(gridmap_map_read) reading mapping matrix data...
(gridmap_map_read) * file name                  : /cluster/projects/nn9188k/cesm2.0/inputdata/cicero_mods/lnd/clm2/mappingdata/maps/Fennoscandia0.05x0.1/map_10x10min_nomask_to_Fennoscandia0.05x0.1_nomask_aave_da_c201123.nc
 * matrix dimensions rows x cols :     2332800  x       95200
 * number of non-zero elements:       180880
 Open glacier region raw data file: 
 /cluster/projects/nn9188k/cesm2.0/inputdata/lnd/clm2/rawdata/mksrf_GlacierRegio
 n_10x10min_nomask_c170616.nc
 domain_clean: cleaning      2332800
 Successfully made glacier region
 
 Attempting to make %sand and %clay .....
 domain_read_dims_2d read lon and lat dims from lon/lat
 domain_read initialized domain
 domain_read read LANDMASK
 Open soil texture file: 
 /cluster/projects/nn9188k/cesm2.0/inputdata/lnd/clm2/rawdata/mksrf_soitex.10lev
 el.c010119.nc
(gridmap_map_read) reading mapping matrix data...
(gridmap_map_read) * file name                  : /cluster/projects/nn9188k/cesm2.0/inputdata/cicero_mods/lnd/clm2/mappingdata/maps/Fennoscandia0.05x0.1/map_5x5min_IGBP-GSDP_to_Fennoscandia0.05x0.1_nomask_aave_da_c201123.nc
 * matrix dimensions rows x cols :     9331200  x       95200
 * number of non-zero elements:       183701
 kmap_max=            6  maxovr=            6  ns_o=        95200  size= 
      666400
 domain_clean: cleaning      9331200
 Successfully made %sand and %clay
 
 Attempting to make soil color classes .....
 domain_read_dims_2d read lon and lat dims from lon/lat
 domain_read initialized domain
 domain_read read LANDFRAC
 domain_read read LANDMASK
 Open soil color file: 
 /cluster/projects/nn9188k/cesm2.0/inputdata/lnd/clm2/rawdata/pftcftdynharv.0.05
 x0.05.LUH2.histsimyr2005.c190116/mksrf_soilcolor_histclm52deg005_earthstatmirca
 _2005.c190116.nc
 nsoicol =           20
(gridmap_map_read) reading mapping matrix data...
(gridmap_map_read) * file name                  : /cluster/projects/nn9188k/cesm2.0/inputdata/cicero_mods/lnd/clm2/mappingdata/maps/Fennoscandia0.05x0.1/map_3x3min_MODISv2_to_Fennoscandia0.05x0.1_nomask_aave_da_c201123.nc
 * matrix dimensions rows x cols :    25920000  x       95200
 * number of non-zero elements:       366085
 domain_clean: cleaning     25920000
 Successfully made soil color classes
 
 Attempting to make %fmax .....
 domain_read_dims_2d read lon and lat dims from lon/lat
 domain_read initialized domain
 domain_read read LANDMASK
 Open soil fmax file: 
 /cluster/projects/nn9188k/cesm2.0/inputdata/lnd/clm2/rawdata/mksrf_fmax_3x3min_
 USGS_c120911.nc
(gridmap_map_read) reading mapping matrix data...
(gridmap_map_read) * file name                  : /cluster/projects/nn9188k/cesm2.0/inputdata/cicero_mods/lnd/clm2/mappingdata/maps/Fennoscandia0.05x0.1/map_3x3min_USGS_to_Fennoscandia0.05x0.1_nomask_aave_da_c201123.nc
 * matrix dimensions rows x cols :     4147200  x       95200
 * number of non-zero elements:       160160
 Successfully made %fmax
 
 domain_clean: cleaning      4147200
 Attempting to make GDP.....
 domain_read_dims_2d read lon and lat dims from lon/lat
 domain_read initialized domain
 domain_read read LANDMASK
(gridmap_map_read) reading mapping matrix data...
(gridmap_map_read) * file name                  : /cluster/projects/nn9188k/cesm2.0/inputdata/cicero_mods/lnd/clm2/mappingdata/maps/Fennoscandia0.05x0.1/map_0.5x0.5_AVHRR_to_Fennoscandia0.05x0.1_nomask_aave_da_c201123.nc
 * matrix dimensions rows x cols :      259200  x       95200
 * number of non-zero elements:        72985
 Open GDP file: 
 /cluster/projects/nn9188k/cesm2.0/inputdata/lnd/clm2/rawdata/mksrf_gdp_0.5x0.5_
 AVHRR_simyr2000.c130228.nc
 domain_clean: cleaning       259200
 Successfully made GDP
 
 Attempting to make peat .....
 domain_read_dims_2d read lon and lat dims from lon/lat
 domain_read initialized domain
 domain_read read LANDMASK
(gridmap_map_read) reading mapping matrix data...
(gridmap_map_read) * file name                  : /cluster/projects/nn9188k/cesm2.0/inputdata/cicero_mods/lnd/clm2/mappingdata/maps/Fennoscandia0.05x0.1/map_0.5x0.5_AVHRR_to_Fennoscandia0.05x0.1_nomask_aave_da_c201123.nc
 * matrix dimensions rows x cols :      259200  x       95200
 * number of non-zero elements:        72985
 Open peat file: 
 /cluster/projects/nn9188k/cesm2.0/inputdata/lnd/clm2/rawdata/mksrf_peatf_0.5x0.
 5_AVHRR_simyr2000.c130228.nc
 domain_clean: cleaning       259200
 Successfully made peat
 
 Attempting to make soildepth .....
 domain_read_dims_2d read lon and lat dims from lon/lat
 domain_read initialized domain
 domain_read read LANDFRAC
 domain_read read LANDMASK
(gridmap_map_read) reading mapping matrix data...
(gridmap_map_read) * file name                  : /cluster/projects/nn9188k/cesm2.0/inputdata/cicero_mods/lnd/clm2/mappingdata/maps/Fennoscandia0.05x0.1/map_5x5min_ORNL-Soil_to_Fennoscandia0.05x0.1_nomask_aave_da_c201123.nc
 * matrix dimensions rows x cols :     9331200  x       95200
 * number of non-zero elements:       183748
 Open soildepth file: 
 /cluster/projects/nn9188k/cesm2.0/inputdata/lnd/clm2/rawdata/mksf_soilthk_5x5mi
 n_ORNL-Soil_simyr1900-2015_c170630.nc
 domain_clean: cleaning      9331200
 Successfully made soildepth
 
 Attempting to make agricultural fire peak month data .....
 domain_read_dims_2d read lon and lat dims from lon/lat
 domain_read initialized domain
 domain_read read LANDMASK
(gridmap_map_read) reading mapping matrix data...
(gridmap_map_read) * file name                  : /cluster/projects/nn9188k/cesm2.0/inputdata/cicero_mods/lnd/clm2/mappingdata/maps/Fennoscandia0.05x0.1/map_0.5x0.5_AVHRR_to_Fennoscandia0.05x0.1_nomask_aave_da_c201123.nc
 * matrix dimensions rows x cols :      259200  x       95200
 * number of non-zero elements:        72985
 Open agricultural fire peak month file: 
 /cluster/projects/nn9188k/cesm2.0/inputdata/lnd/clm2/rawdata/mksrf_abm_0.5x0.5_
 AVHRR_simyr2000.c130201.nc
 domain_clean: cleaning       259200
 Successfully made Agricultural fire peak month
 
 Attempting to make %urban .....
(gridmap_map_read) reading mapping matrix data...
(gridmap_map_read) * file name                  : /cluster/projects/nn9188k/cesm2.0/inputdata/cicero_mods/lnd/clm2/mappingdata/maps/Fennoscandia0.05x0.1/map_3x3min_LandScan2004_to_Fennoscandia0.05x0.1_nomask_aave_da_c201123.nc
 * matrix dimensions rows x cols :    25920000  x       95200
 * number of non-zero elements:       350212
 domain_read_dims_2d read lon and lat dims from lon/lat
 domain_read initialized domain
 domain_read read LANDMASK
 Open urban file: 
 /cluster/projects/nn9188k/cesm2.0/inputdata/lnd/clm2/rawdata/mksrf_urban_0.05x0
 .05_simyr2000.c120621.nc
 Successfully made %urban
 Attempting to make urban region .....
 Successfully made urban region
 
 domain_clean: cleaning     25920000
 Attempting to make elevation .....
 domain_read_dims_2d read lon and lat dims from lsmlon/lsmlat
 domain_read initialized domain
 Open elevation file: 
 /cluster/projects/nn9188k/cesm2.0/inputdata/lnd/clm2/rawdata/mksrf_topo.10min.c
 080912.nc
(gridmap_map_read) reading mapping matrix data...
(gridmap_map_read) * file name                  : /cluster/projects/nn9188k/cesm2.0/inputdata/cicero_mods/lnd/clm2/mappingdata/maps/Fennoscandia0.05x0.1/map_10x10min_nomask_to_Fennoscandia0.05x0.1_nomask_aave_da_c201123.nc
 * matrix dimensions rows x cols :     2332800  x       95200
 * number of non-zero elements:       180880
 domain_clean: cleaning      2332800
 Successfully made elevation
 
 Attempting to make Topography statistics.....
 domain_read_dims_1d read 1-d length from num_pixels
 domain_read initialized domain
(gridmap_map_read) reading mapping matrix data...
(gridmap_map_read) * file name                  : /cluster/projects/nn9188k/cesm2.0/inputdata/cicero_mods/lnd/clm2/mappingdata/maps/Fennoscandia0.05x0.1/map_1km-merge-10min_HYDRO1K-merge-nomask_to_Fennoscandia0.05x0.1_nomask_aave_da_c201123.nc
 * matrix dimensions rows x cols :   125599447  x       95200
 * number of non-zero elements:       679725
 Open Topography file: 
 /cluster/projects/nn9188k/cesm2.0/inputdata/lnd/clm2/rawdata/mksrf_topostats_1k
 m-merge-10min_HYDRO1K-merge-nomask_simyr2000.c130402.nc
 domain_clean: cleaning    125599447
 Successfully made Topography statistics
 
 Attempting to make lake parameters.....
 domain_read_dims_2d read lon and lat dims from lon/lat
 domain_read initialized domain
 domain_read read LANDMASK
(gridmap_map_read) reading mapping matrix data...
(gridmap_map_read) * file name                  : /cluster/projects/nn9188k/cesm2.0/inputdata/cicero_mods/lnd/clm2/mappingdata/maps/Fennoscandia0.05x0.1/map_3x3min_MODIS-wCsp_to_Fennoscandia0.05x0.1_nomask_aave_da_c201123.nc
 * matrix dimensions rows x cols :    25920000  x       95200
 * number of non-zero elements:       431687
 Open lake parameter file: 
 /cluster/projects/nn9188k/cesm2.0/inputdata/lnd/clm2/rawdata/mksrf_LakePnDepth_
 3x3min_simyr2004_csplk_c151015.nc
 domain_clean: cleaning     25920000
 Successfully made lake parameters
 
 Attempting to make organic matter dataset .....
 domain_read_dims_2d read lon and lat dims from lon/lat
 domain_read initialized domain
 domain_read read LANDMASK
 Open soil organic file: 
 /cluster/projects/nn9188k/cesm2.0/inputdata/lnd/clm2/rawdata/mksrf_organic_10le
 vel_5x5min_ISRIC-WISE-NCSCD_nlev7_c120830.nc
(gridmap_map_read) reading mapping matrix data...
(gridmap_map_read) * file name                  : /cluster/projects/nn9188k/cesm2.0/inputdata/cicero_mods/lnd/clm2/mappingdata/maps/Fennoscandia0.05x0.1/map_5x5min_ISRIC-WISE_to_Fennoscandia0.05x0.1_nomask_aave_da_c201123.nc
 * matrix dimensions rows x cols :     9331200  x       95200
 * number of non-zero elements:       183874
 Successfully made organic matter, level =            1
 Successfully made organic matter, level =            2
 Successfully made organic matter, level =            3
 Successfully made organic matter, level =            4
 Successfully made organic matter, level =            5
 Successfully made organic matter, level =            6
 Successfully made organic matter, level =            7
 Successfully made organic matter, level =            8
 Successfully made organic matter, level =            9
 Successfully made organic matter, level =           10
 domain_clean: cleaning      9331200
 Successfully made organic matter
 
 Attempting to make VOC emission factors .....
 domain_read_dims_2d read lon and lat dims from lon/lat
 domain_read initialized domain
 domain_read read LANDMASK
 Open VOC file: 
 /cluster/projects/nn9188k/cesm2.0/inputdata/lnd/clm2/rawdata/mksrf_vocef_0.5x0.
 5_simyr2000.c110531.nc
(gridmap_map_read) reading mapping matrix data...
(gridmap_map_read) * file name                  : /cluster/projects/nn9188k/cesm2.0/inputdata/cicero_mods/lnd/clm2/mappingdata/maps/Fennoscandia0.05x0.1/map_0.5x0.5_AVHRR_to_Fennoscandia0.05x0.1_nomask_aave_da_c201123.nc
 * matrix dimensions rows x cols :      259200  x       95200
 * number of non-zero elements:        72985
 Successfully made VOC Emission Factors
 
 domain_clean: cleaning       259200
 Special land units near 100%, but not quite for n,suma =       11122
  100.0000000000000     
 Adjusting special land units to 100%
 number of small pft =         6591
 sum over domain of pft            0   82190.4897296081     
 sum over domain of pft            1   1108444.37205935     
 sum over domain of pft            2   1552956.33428542     
 sum over domain of pft            3   3397.39017412077     
 sum over domain of pft            4  0.000000000000000E+000
 sum over domain of pft            5  0.000000000000000E+000
 sum over domain of pft            6  0.000000000000000E+000
 sum over domain of pft            7   272473.171212959     
 sum over domain of pft            8   77287.5966358799     
 sum over domain of pft            9  0.000000000000000E+000
 sum over domain of pft           10   826.577804188396     
 sum over domain of pft           11   361518.921331230     
 sum over domain of pft           12   1072958.53995554     
 sum over domain of pft           13   649744.848772877     
 sum over domain of pft           14  2.414121934271991E-002
 
 sum over domain of cft           15  3.870399333076352E-005
 sum over domain of cft           16  0.000000000000000E+000
 sum over domain of cft           17   9693.11310851831     
 sum over domain of cft           18  4.124844571211889E-002
 sum over domain of cft           19   89555.9741968227     
 sum over domain of cft           20   2586.83344134149     
 sum over domain of cft           21  0.000000000000000E+000
 sum over domain of cft           22  0.000000000000000E+000
 sum over domain of cft           23   739.607651784817     
 sum over domain of cft           24  0.000000000000000E+000
 sum over domain of cft           25   151073.707880108     
 sum over domain of cft           26   3099.54789520454     
 sum over domain of cft           27  0.000000000000000E+000
 sum over domain of cft           28  0.000000000000000E+000
 sum over domain of cft           29   9509.41742241633     
 sum over domain of cft           30   120.905971899210     
 sum over domain of cft           31  0.000000000000000E+000
 sum over domain of cft           32  0.000000000000000E+000
 sum over domain of cft           33  0.000000000000000E+000
 sum over domain of cft           34  0.000000000000000E+000
 sum over domain of cft           35  0.000000000000000E+000
 sum over domain of cft           36  0.000000000000000E+000
 sum over domain of cft           37  0.000000000000000E+000
 sum over domain of cft           38  0.000000000000000E+000
 sum over domain of cft           39  0.000000000000000E+000
 sum over domain of cft           40  0.000000000000000E+000
 sum over domain of cft           41  0.000000000000000E+000
 sum over domain of cft           42  0.000000000000000E+000
 sum over domain of cft           43  0.000000000000000E+000
 sum over domain of cft           44  0.000000000000000E+000
 sum over domain of cft           45   53214.7812875831     
 sum over domain of cft           46   752.255895757834     
 sum over domain of cft           47   13.8489736150175     
 sum over domain of cft           48  0.000000000000000E+000
 sum over domain of cft           49  0.000000000000000E+000
 sum over domain of cft           50  0.000000000000000E+000
 sum over domain of cft           51  0.000000000000000E+000
 sum over domain of cft           52  0.000000000000000E+000
 sum over domain of cft           53  0.000000000000000E+000
 sum over domain of cft           54  0.000000000000000E+000
 sum over domain of cft           55   14739.5993476162     
 sum over domain of cft           56   201.532839486625     
 sum over domain of cft           57   9436.16321269735     
 sum over domain of cft           58   654.814062139828     
 sum over domain of cft           59   18875.2943487425     
 sum over domain of cft           60   422.473329530313     
 sum over domain of cft           61  0.000000000000000E+000
 sum over domain of cft           62  0.000000000000000E+000
 sum over domain of cft           63  0.000000000000000E+000
 sum over domain of cft           64  0.000000000000000E+000
 sum over domain of cft           65   4329.94583592900     
 sum over domain of cft           66   277.694059767590     
 sum over domain of cft           67  0.000000000000000E+000
 sum over domain of cft           68  0.000000000000000E+000
 sum over domain of cft           69  0.410967470319753     
 sum over domain of cft           70  0.000000000000000E+000
 sum over domain of cft           71  0.000000000000000E+000
 sum over domain of cft           72  0.000000000000000E+000
 sum over domain of cft           73  0.000000000000000E+000
 sum over domain of cft           74  0.000000000000000E+000
 sum over domain of cft           75  0.000000000000000E+000
 sum over domain of cft           76  0.000000000000000E+000
 sum over domain of cft           77  0.000000000000000E+000
 sum over domain of cft           78  0.000000000000000E+000
 
 Attempting to make percent elevation class 
 and mean elevation for glaciers .....
 domain_read_dims_2d read lon and lat dims from lon/lat
 domain_read initialized domain
 domain_read read LANDMASK
 Open glacier file: 
 /cluster/projects/nn9188k/cesm2.0/inputdata/lnd/clm2/rawdata/mksrf_glacier_3x3m
 in_simyr2000.c120926.nc
(gridmap_map_read) reading mapping matrix data...
(gridmap_map_read) * file name                  : /cluster/projects/nn9188k/cesm2.0/inputdata/cicero_mods/lnd/clm2/mappingdata/maps/Fennoscandia0.05x0.1/map_3x3min_GLOBE-Gardner_to_Fennoscandia0.05x0.1_nomask_aave_da_c201123.nc
 * matrix dimensions rows x cols :    25920000  x       95200
 * number of non-zero elements:       388323
   1   2   3   4   5   6   7   8   9  10  11  12  13  14  15  16  17  18  19  20  21  22  23  24  25  26  27  28  29  30  31  32  33  34  35  36  37  38  39  40  41  42  43  44  45  46  47  48  49  50  51  52  53  54  55  56  57  58  59  60  61  
 domain_clean: cleaning     25920000
 Successfully made percent elevation class and mean elevation for glaciers
 
 calling mkurbanpar
 Attempting to make Urban Parameters .....
 Open urban parameter file: 
 /cluster/projects/nn9188k/cesm2.0/inputdata/lnd/clm2/rawdata/mksrf_urban_0.05x0
 .05_simyr2000.c120621.nc
 Successfully made Urban Parameters
 
 calling mklai
 Attempting to make LAIs/SAIs/heights .....
 domain_read_dims_2d read lon and lat dims from lon/lat
 domain_read initialized domain
 domain_read read LANDFRAC
 domain_read read LANDMASK
 Open LAI file: 
 /cluster/projects/nn9188k/cesm2.0/inputdata/lnd/clm2/rawdata/pftcftdynharv.0.05
 x0.05.LUH2.histsimyr2005.c190116/mksrf_lai_histclm52deg005_earthstatmirca_2005.
 c190119.nc
 WARNING: mklai(): parameter numpft+1 =           79 
 does not equal input dataset numpft =           16
 This inconsistency used to stop the program. Now we allow it 
 because crop pfts 17-last are assumed to never use satellite lai data.
(gridmap_map_read) reading mapping matrix data...
(gridmap_map_read) * file name                  : /cluster/projects/nn9188k/cesm2.0/inputdata/cicero_mods/lnd/clm2/mappingdata/maps/Fennoscandia0.05x0.1/map_3x3min_MODISv2_to_Fennoscandia0.05x0.1_nomask_aave_da_c201123.nc
 * matrix dimensions rows x cols :    25920000  x       95200
 * number of non-zero elements:       366085
 Successfully made LAIs/SAIs/heights for month            1
 Successfully made LAIs/SAIs/heights for month            2
 Successfully made LAIs/SAIs/heights for month            3
 Successfully made LAIs/SAIs/heights for month            4
 Successfully made LAIs/SAIs/heights for month            5
 Successfully made LAIs/SAIs/heights for month            6
 Successfully made LAIs/SAIs/heights for month            7
 Successfully made LAIs/SAIs/heights for month            8
 Successfully made LAIs/SAIs/heights for month            9
 Successfully made LAIs/SAIs/heights for month           10
 Successfully made LAIs/SAIs/heights for month           11
 Successfully made LAIs/SAIs/heights for month           12
 
 domain_clean: cleaning     25920000
------------------------------------------------------------
  land model surface data set successfully created for grid of size        95200
 
 Surface data output file = 
 surfdata_Fennoscandia0.05x0.1_hist_78pfts_CMIP6_simyr2005_c210221.nc
    This file contains the land model surface data
 Diagnostic log file      = 
 surfdata_Fennoscandia0.05x0.1_hist_78pfts_CMIP6_simyr2005_c210221.log
    See this file for a summary of the dataset
 
 Successfully created surface dataset

===========================================

Successfully created fsurdat files
